[1 - Suricata-Main] 2025-03-09 00:58:06 Notice: suricata: This is Suricata version 7.0.8 RELEASE running in SYSTEM mode
[1 - Suricata-Main] 2025-03-09 00:58:06 Info: cpu: CPUs/cores online: 14
[1 - Suricata-Main] 2025-03-09 00:58:06 Error: af-packet: Problem with config file
[1 - Suricata-Main] 2025-03-09 00:58:06 Info: suricata: Setting engine mode to IDS mode by default
[1 - Suricata-Main] 2025-03-09 00:58:06 Warning: ioctl: Failure when trying to get MTU via ioctl for 'eth0': No such device (19)
[1 - Suricata-Main] 2025-03-09 00:58:06 Info: suricata: No 'host-mode': suricata is in IDS mode, using default setting 'sniffer-only'
[1 - Suricata-Main] 2025-03-09 00:58:06 Error: output-json: Invalid JSON output option: json
[1 - Suricata-Main] 2025-03-09 01:01:01 Notice: suricata: This is Suricata version 7.0.8 RELEASE running in SYSTEM mode
[1 - Suricata-Main] 2025-03-09 01:01:01 Info: cpu: CPUs/cores online: 14
[1 - Suricata-Main] 2025-03-09 01:01:01 Error: af-packet: Problem with config file
[1 - Suricata-Main] 2025-03-09 01:01:01 Info: suricata: Setting engine mode to IDS mode by default
[1 - Suricata-Main] 2025-03-09 01:01:01 Info: ioctl: wlan0: MTU 1500
[1 - Suricata-Main] 2025-03-09 01:01:01 Info: suricata: No 'host-mode': suricata is in IDS mode, using default setting 'sniffer-only'
[1 - Suricata-Main] 2025-03-09 01:01:01 Error: output-json: Invalid JSON output option: json
[1 - Suricata-Main] 2025-03-09 01:04:45 Notice: suricata: This is Suricata version 7.0.8 RELEASE running in SYSTEM mode
[1 - Suricata-Main] 2025-03-09 01:04:45 Info: cpu: CPUs/cores online: 14
[1 - Suricata-Main] 2025-03-09 01:04:45 Error: af-packet: Problem with config file
[1 - Suricata-Main] 2025-03-09 01:04:45 Info: suricata: Setting engine mode to IDS mode by default
[1 - Suricata-Main] 2025-03-09 01:04:45 Info: ioctl: wlan0: MTU 1500
[1 - Suricata-Main] 2025-03-09 01:04:45 Info: suricata: No 'host-mode': suricata is in IDS mode, using default setting 'sniffer-only'
[1 - Suricata-Main] 2025-03-09 01:04:45 Info: logopenfile: eve-log output device (regular) initialized: /var/log/suricata/eve.json
[1 - Suricata-Main] 2025-03-09 01:04:45 Info: logopenfile: fast output device (regular) initialized: /var/log/suricata/fast.log
[1 - Suricata-Main] 2025-03-09 01:04:45 Info: detect: No signatures supplied.
[1 - Suricata-Main] 2025-03-09 01:04:45 Info: af-packet: wlan0: unable to find af-packet config for interface "wlan0" or "default", using default values
[1 - Suricata-Main] 2025-03-09 01:04:45 Warning: ioctl: wlan0: failed to set SIOCETHTOOL ioctl: Operation not permitted
[1 - Suricata-Main] 2025-03-09 01:04:45 Warning: ioctl: wlan0: failed to set SIOCETHTOOL ioctl: Operation not permitted
[1 - Suricata-Main] 2025-03-09 01:04:45 Warning: ioctl: wlan0: failed to set SIOCETHTOOL ioctl: Operation not permitted
[1 - Suricata-Main] 2025-03-09 01:04:45 Warning: ioctl: wlan0: failed to set SIOCETHTOOL ioctl: Operation not permitted
[1 - Suricata-Main] 2025-03-09 01:04:45 Info: runmodes: wlan0: creating 14 threads
[1 - Suricata-Main] 2025-03-09 01:04:45 Notice: threads: Threads created -> W: 14 FM: 1 FR: 1   Engine started.
[1 - Suricata-Main] 2025-03-09 01:07:48 Notice: suricata: Signal Received.  Stopping engine.
[1 - Suricata-Main] 2025-03-09 01:07:49 Info: suricata: time elapsed 183.669s
[1 - Suricata-Main] 2025-03-09 01:07:50 Info: counters: Alerts: 0
[1 - Suricata-Main] 2025-03-09 01:07:50 Notice: device: wlan0: packets: 1613, drops: 0 (0.00%), invalid chksum: 0
[1 - Suricata-Main] 2025-03-09 01:07:50 Warning: ioctl: wlan0: failed to set SIOCETHTOOL ioctl: Operation not permitted
[1 - Suricata-Main] 2025-03-09 01:07:50 Warning: ioctl: wlan0: failed to set SIOCETHTOOL ioctl: Operation not permitted
[1 - Suricata-Main] 2025-03-09 01:07:50 Warning: ioctl: wlan0: failed to set SIOCETHTOOL ioctl: Operation not permitted
[1 - Suricata-Main] 2025-03-09 01:07:50 Warning: ioctl: wlan0: failed to set SIOCETHTOOL ioctl: Operation not permitted
[1 - Suricata-Main] 2025-03-09 01:07:52 Notice: suricata: This is Suricata version 7.0.8 RELEASE running in SYSTEM mode
[1 - Suricata-Main] 2025-03-09 01:07:52 Info: cpu: CPUs/cores online: 14
[1 - Suricata-Main] 2025-03-09 01:07:52 Error: af-packet: Problem with config file
[1 - Suricata-Main] 2025-03-09 01:07:52 Info: suricata: Setting engine mode to IDS mode by default
[1 - Suricata-Main] 2025-03-09 01:07:52 Info: ioctl: wlan0: MTU 1500
[1 - Suricata-Main] 2025-03-09 01:07:52 Info: suricata: No 'host-mode': suricata is in IDS mode, using default setting 'sniffer-only'
[1 - Suricata-Main] 2025-03-09 01:07:52 Info: logopenfile: eve-log output device (regular) initialized: /var/log/suricata/eve.json
[1 - Suricata-Main] 2025-03-09 01:07:52 Info: logopenfile: fast output device (regular) initialized: /var/log/suricata/fast.log
[1 - Suricata-Main] 2025-03-09 01:07:52 Info: detect: No signatures supplied.
[1 - Suricata-Main] 2025-03-09 01:07:52 Info: af-packet: wlan0: unable to find af-packet config for interface "wlan0" or "default", using default values
[1 - Suricata-Main] 2025-03-09 01:07:52 Warning: ioctl: wlan0: failed to set SIOCETHTOOL ioctl: Operation not permitted
[1 - Suricata-Main] 2025-03-09 01:07:52 Warning: ioctl: wlan0: failed to set SIOCETHTOOL ioctl: Operation not permitted
[1 - Suricata-Main] 2025-03-09 01:07:52 Warning: ioctl: wlan0: failed to set SIOCETHTOOL ioctl: Operation not permitted
[1 - Suricata-Main] 2025-03-09 01:07:52 Warning: ioctl: wlan0: failed to set SIOCETHTOOL ioctl: Operation not permitted
[1 - Suricata-Main] 2025-03-09 01:07:52 Info: runmodes: wlan0: creating 14 threads
[1 - Suricata-Main] 2025-03-09 01:07:52 Notice: threads: Threads created -> W: 14 FM: 1 FR: 1   Engine started.
[1 - Suricata-Main] 2025-03-09 01:12:47 Notice: suricata: Signal Received.  Stopping engine.
[1 - Suricata-Main] 2025-03-09 01:12:47 Info: suricata: time elapsed 295.132s
[1 - Suricata-Main] 2025-03-09 01:12:48 Info: counters: Alerts: 0
[1 - Suricata-Main] 2025-03-09 01:12:48 Notice: device: wlan0: packets: 10541, drops: 0 (0.00%), invalid chksum: 0
[1 - Suricata-Main] 2025-03-09 01:12:48 Warning: ioctl: wlan0: failed to set SIOCETHTOOL ioctl: Operation not permitted
[1 - Suricata-Main] 2025-03-09 01:12:48 Warning: ioctl: wlan0: failed to set SIOCETHTOOL ioctl: Operation not permitted
[1 - Suricata-Main] 2025-03-09 01:12:48 Warning: ioctl: wlan0: failed to set SIOCETHTOOL ioctl: Operation not permitted
[1 - Suricata-Main] 2025-03-09 01:12:48 Warning: ioctl: wlan0: failed to set SIOCETHTOOL ioctl: Operation not permitted
